<?xml version="1.0" encoding="UTF-8"?>
<testng-results ignored="0" total="1" passed="1" failed="0" skipped="0">
  <reporter-output>
  </reporter-output>
  <suite started-at="2021-10-12T20:52:58 IST" name="Default suite" finished-at="2021-10-12T20:53:20 IST" duration-ms="22539">
    <groups>
    </groups>
    <test started-at="2021-10-12T20:52:58 IST" name="Default test" finished-at="2021-10-12T20:53:20 IST" duration-ms="22539">
      <class name="TestLayer.LoginPagetest">
        <test-method is-config="true" signature="setUp()[pri:0, instance:TestLayer.LoginPagetest@61230f6a]" started-at="2021-10-12T20:52:58 IST" name="setUp" finished-at="2021-10-12T20:53:07 IST" duration-ms="9046" status="PASS">
          <reporter-output>
          </reporter-output>
        </test-method> <!-- setUp -->
        <test-method signature="LoginFunctionality()[pri:0, instance:TestLayer.LoginPagetest@61230f6a]" started-at="2021-10-12T20:53:07 IST" name="LoginFunctionality" finished-at="2021-10-12T20:53:17 IST" duration-ms="9759" status="PASS">
          <reporter-output>
          </reporter-output>
        </test-method> <!-- LoginFunctionality -->
        <test-method is-config="true" signature="tearDown()[pri:0, instance:TestLayer.LoginPagetest@61230f6a]" started-at="2021-10-12T20:53:17 IST" name="tearDown" finished-at="2021-10-12T20:53:20 IST" duration-ms="3675" status="PASS">
          <reporter-output>
          </reporter-output>
        </test-method> <!-- tearDown -->
      </class> <!-- TestLayer.LoginPagetest -->
    </test> <!-- Default test -->
  </suite> <!-- Default suite -->
</testng-results>
