<?xml version="1.0" encoding="UTF-8"?>
<testng-results ignored="0" total="2" passed="1" failed="1" skipped="0">
  <reporter-output>
  </reporter-output>
  <suite started-at="2021-11-03T21:18:04 IST" name="Default suite" finished-at="2021-11-03T21:18:29 IST" duration-ms="24468">
    <groups>
    </groups>
    <test started-at="2021-11-03T21:18:04 IST" name="Default test" finished-at="2021-11-03T21:18:29 IST" duration-ms="24468">
      <class name="TestLayer.LoginPagetest">
        <test-method is-config="true" signature="setUp()[pri:0, instance:TestLayer.LoginPagetest@4c9f8c13]" started-at="2021-11-03T21:18:04 IST" name="setUp" finished-at="2021-11-03T21:18:16 IST" duration-ms="11345" status="PASS">
          <reporter-output>
          </reporter-output>
        </test-method> <!-- setUp -->
        <test-method signature="LoginFunctionality()[pri:1, instance:TestLayer.LoginPagetest@4c9f8c13]" started-at="2021-11-03T21:18:16 IST" name="LoginFunctionality" finished-at="2021-11-03T21:18:27 IST" duration-ms="10801" status="PASS">
          <reporter-output>
          </reporter-output>
        </test-method> <!-- LoginFunctionality -->
        <test-method signature="alertpopupFunctionality()[pri:2, instance:TestLayer.LoginPagetest@4c9f8c13]" started-at="2021-11-03T21:18:27 IST" name="alertpopupFunctionality" finished-at="2021-11-03T21:18:27 IST" duration-ms="3" status="FAIL">
          <exception class="java.lang.NullPointerException">
            <message>
              <![CDATA[Cannot invoke "org.openqa.selenium.JavascriptExecutor.executeScript(String, Object[])" because "UtilsLayer.JSMethod.js" is null]]>
            </message>
            <full-stacktrace>
              <![CDATA[java.lang.NullPointerException: Cannot invoke "org.openqa.selenium.JavascriptExecutor.executeScript(String, Object[])" because "UtilsLayer.JSMethod.js" is null
at UtilsLayer.JSMethod.alertPop(JSMethod.java:16)
at TestLayer.LoginPagetest.alertpopupFunctionality(LoginPagetest.java:40)
at java.base/jdk.internal.reflect.NativeMethodAccessorImpl.invoke0(Native Method)
at java.base/jdk.internal.reflect.NativeMethodAccessorImpl.invoke(NativeMethodAccessorImpl.java:78)
at java.base/jdk.internal.reflect.DelegatingMethodAccessorImpl.invoke(DelegatingMethodAccessorImpl.java:43)
at java.base/java.lang.reflect.Method.invoke(Method.java:567)
at org.testng.internal.MethodInvocationHelper.invokeMethod(MethodInvocationHelper.java:133)
at org.testng.internal.TestInvoker.invokeMethod(TestInvoker.java:598)
at org.testng.internal.TestInvoker.invokeTestMethod(TestInvoker.java:173)
at org.testng.internal.MethodRunner.runInSequence(MethodRunner.java:46)
at org.testng.internal.TestInvoker$MethodInvocationAgent.invoke(TestInvoker.java:824)
at org.testng.internal.TestInvoker.invokeTestMethods(TestInvoker.java:146)
at org.testng.internal.TestMethodWorker.invokeTestMethods(TestMethodWorker.java:146)
at org.testng.internal.TestMethodWorker.run(TestMethodWorker.java:128)
at java.base/java.util.ArrayList.forEach(ArrayList.java:1511)
at org.testng.TestRunner.privateRun(TestRunner.java:794)
at org.testng.TestRunner.run(TestRunner.java:596)
at org.testng.SuiteRunner.runTest(SuiteRunner.java:377)
at org.testng.SuiteRunner.runSequentially(SuiteRunner.java:371)
at org.testng.SuiteRunner.privateRun(SuiteRunner.java:332)
at org.testng.SuiteRunner.run(SuiteRunner.java:276)
at org.testng.SuiteRunnerWorker.runSuite(SuiteRunnerWorker.java:53)
at org.testng.SuiteRunnerWorker.run(SuiteRunnerWorker.java:96)
at org.testng.TestNG.runSuitesSequentially(TestNG.java:1212)
at org.testng.TestNG.runSuitesLocally(TestNG.java:1134)
at org.testng.TestNG.runSuites(TestNG.java:1063)
at org.testng.TestNG.run(TestNG.java:1031)
at org.testng.remote.AbstractRemoteTestNG.run(AbstractRemoteTestNG.java:115)
at org.testng.remote.RemoteTestNG.initAndRun(RemoteTestNG.java:251)
at org.testng.remote.RemoteTestNG.main(RemoteTestNG.java:77)
]]>
            </full-stacktrace>
          </exception> <!-- java.lang.NullPointerException -->
          <reporter-output>
          </reporter-output>
        </test-method> <!-- alertpopupFunctionality -->
        <test-method is-config="true" signature="tearDown()[pri:0, instance:TestLayer.LoginPagetest@4c9f8c13]" started-at="2021-11-03T21:18:27 IST" name="tearDown" finished-at="2021-11-03T21:18:29 IST" duration-ms="2263" status="PASS">
          <reporter-output>
          </reporter-output>
        </test-method> <!-- tearDown -->
      </class> <!-- TestLayer.LoginPagetest -->
    </test> <!-- Default test -->
  </suite> <!-- Default suite -->
</testng-results>
